<?xml version="1.0" encoding="UTF-8"?>
<!-- Generated by org.testng.reporters.JUnitReportReporter -->
<testsuite skipped="0" hostname="DESKTOP-T22QK0I" name="utils.Reports" tests="1" failures="0" timestamp="2020-09-08T08:26:45 IST" time="0.234" errors="0">
  <testcase name="test" time="0.234" classname="utils.Reports"/>
  <system-out/>
</testsuite> <!-- utils.Reports -->
